<?xml version="1.0" encoding="UTF-8"?>
<!-- Generated by org.testng.reporters.JUnitReportReporter -->
<testsuite skipped="0" hostname="HDC3-LX-FMRTLC2" name="com.hybridFramework.TestDataDrivenScript1" tests="3" failures="0" timestamp="13 Jun 2018 06:58:16 GMT" time="0.021" errors="0">
  <testcase name="testLogin" time="0.016" classname="com.hybridFramework.TestDataDrivenScript1"/>
  <testcase name="testLogin" time="0.002" classname="com.hybridFramework.TestDataDrivenScript1"/>
  <testcase name="testLogin" time="0.003" classname="com.hybridFramework.TestDataDrivenScript1"/>
</testsuite> <!-- com.hybridFramework.TestDataDrivenScript1 -->
