<?xml version="1.0" encoding="UTF-8"?>
<!-- Generated by org.testng.reporters.JUnitReportReporter -->
<testsuite skipped="0" hostname="HDC3-LX-FMRTLC2" name="com.hybridFramework.TestDataDrivenScript" tests="3" failures="0" timestamp="15 Jun 2018 10:01:26 GMT" time="0.020" errors="0">
  <testcase name="testLogin" time="0.004" classname="com.hybridFramework.TestDataDrivenScript"/>
  <testcase name="testLogin" time="0.003" classname="com.hybridFramework.TestDataDrivenScript"/>
  <testcase name="testLogin" time="0.013" classname="com.hybridFramework.TestDataDrivenScript"/>
</testsuite> <!-- com.hybridFramework.TestDataDrivenScript -->
