<?xml version="1.0" encoding="UTF-8"?>
<!-- Generated by org.testng.reporters.JUnitReportReporter -->
<testsuite skipped="0" hostname="HDC3-LX-FMRTLC2" name="com.hybridFramework.TestDataDrivenScript" tests="3" failures="0" timestamp="20 Jun 2018 12:33:21 GMT" time="0.029" errors="0">
  <testcase name="testLogin" time="0.005" classname="com.hybridFramework.TestDataDrivenScript"/>
  <testcase name="testLogin" time="0.006" classname="com.hybridFramework.TestDataDrivenScript"/>
  <testcase name="testLogin" time="0.018" classname="com.hybridFramework.TestDataDrivenScript"/>
</testsuite> <!-- com.hybridFramework.TestDataDrivenScript -->
