<?xml version="1.0" encoding="UTF-8"?>
<!-- Generated by org.testng.reporters.JUnitReportReporter -->
<testsuite skipped="0" hostname="user-PC" name="com.hybridFramework.TestDataDrivenScript" tests="3" failures="0" timestamp="29 Jun 2018 08:04:46 GMT" time="0.020" errors="0">
  <testcase name="testLogin" time="0.012" classname="com.hybridFramework.TestDataDrivenScript"/>
  <testcase name="testLogin" time="0.003" classname="com.hybridFramework.TestDataDrivenScript"/>
  <testcase name="testLogin" time="0.005" classname="com.hybridFramework.TestDataDrivenScript"/>
</testsuite> <!-- com.hybridFramework.TestDataDrivenScript -->
